#
# There is insufficient memory for the Java Runtime Environment to continue.
# Native memory allocation (malloc) failed to allocate 1614416 bytes for Chunk::new
# Possible reasons:
#   The system is out of physical RAM or swap space
#   The process is running with CompressedOops enabled, and the Java Heap may be blocking the growth of the native heap
# Possible solutions:
#   Reduce memory load on the system
#   Increase physical memory or swap space
#   Check if swap backing store is full
#   Decrease Java heap size (-Xmx/-Xms)
#   Decrease number of Java threads
#   Decrease Java thread stack sizes (-Xss)
#   Set larger code cache with -XX:ReservedCodeCacheSize=
#   JVM is running with Unscaled Compressed Oops mode in which the Java heap is
#     placed in the first 4GB address space. The Java Heap base address is the
#     maximum limit for the native heap growth. Please use -XX:HeapBaseMinAddress
#     to set the Java Heap base and to place the Java Heap above 4GB virtual address.
# This output file may be truncated or incomplete.
#
#  Out of Memory Error (allocation.cpp:389), pid=7492, tid=0x0000000000001f28
#
# JRE version: Java(TM) SE Runtime Environment (8.0_221-b11) (build 1.8.0_221-b11)
# Java VM: Java HotSpot(TM) 64-Bit Server VM (25.221-b11 mixed mode windows-amd64 compressed oops)
# Failed to write core dump. Minidumps are not enabled by default on client versions of Windows
#

---------------  T H R E A D  ---------------

Current thread (0x0000000019597800):  JavaThread "C2 CompilerThread1" daemon [_thread_in_native, id=7976, stack(0x0000000019f50000,0x000000001a050000)]

Stack: [0x0000000019f50000,0x000000001a050000]
[error occurred during error reporting (printing stack bounds), id 0xc0000005]

Native frames: (J=compiled Java code, j=interpreted, Vv=VM code, C=native code)


Current CompileTask:
C2:3288578 19857       4       com.android.tools.r8.graph.g1$$Lambda$1063/846179190::compare (20 bytes)


---------------  P R O C E S S  ---------------

Java Threads: ( => current thread )
  0x00000000205c4000 JavaThread "WorkerExecutor Queue Thread 9" [_thread_blocked, id=12280, stack(0x000000005ddf0000,0x000000005def0000)]
  0x00000000205bb000 JavaThread "WorkerExecutor Queue Thread 8" [_thread_blocked, id=7608, stack(0x000000005dcf0000,0x000000005ddf0000)]
  0x00000000205c1800 JavaThread "WorkerExecutor Queue Thread 7" [_thread_blocked, id=9728, stack(0x000000005dbf0000,0x000000005dcf0000)]
  0x00000000205bd000 JavaThread "WorkerExecutor Queue Thread 6" [_thread_blocked, id=8880, stack(0x000000005daf0000,0x000000005dbf0000)]
  0x00000000205bf800 JavaThread "WorkerExecutor Queue Thread 5" [_thread_blocked, id=9596, stack(0x000000005d9f0000,0x000000005daf0000)]
  0x00000000205bb800 JavaThread "WorkerExecutor Queue Thread 4" [_thread_blocked, id=8736, stack(0x000000005d8f0000,0x000000005d9f0000)]
  0x00000000205be800 JavaThread "ForkJoinPool.commonPool-worker-6" daemon [_thread_blocked, id=5600, stack(0x000000005d7f0000,0x000000005d8f0000)]
  0x00000000205c1000 JavaThread "ForkJoinPool.commonPool-worker-5" daemon [_thread_blocked, id=12612, stack(0x000000005d6f0000,0x000000005d7f0000)]
  0x00000000205be000 JavaThread "ForkJoinPool.commonPool-worker-4" daemon [_thread_blocked, id=10316, stack(0x000000005d5f0000,0x000000005d6f0000)]
  0x000000002101f800 JavaThread "Cache worker for Java compile cache (C:\Users\Ak190\examples\lite\examples\image_classification\Typroject\.gradle\6.5\javaCompile)" [_thread_blocked, id=14268, stack(0x000000005d4f0000,0x000000005d5f0000)]
  0x000000002101d000 JavaThread "WorkerExecutor Queue Thread 3" [_thread_blocked, id=2584, stack(0x000000005d3f0000,0x000000005d4f0000)]
  0x000000002101c800 JavaThread "stdout" [_thread_in_native, id=6908, stack(0x000000005d2f0000,0x000000005d3f0000)]
  0x0000000021014000 JavaThread "stderr" [_thread_in_native, id=2372, stack(0x000000005d1f0000,0x000000005d2f0000)]
  0x0000000021014800 JavaThread "stdout" [_thread_in_native, id=2808, stack(0x000000005d0f0000,0x000000005d1f0000)]
  0x000000002101b800 JavaThread "stderr" [_thread_in_native, id=6604, stack(0x000000005cff0000,0x000000005d0f0000)]
  0x000000002101a800 JavaThread "WorkerExecutor Queue Thread 2" [_thread_blocked, id=10112, stack(0x000000005cef0000,0x000000005cff0000)]
  0x0000000021013000 JavaThread "pool-13-thread-1" [_thread_blocked, id=3432, stack(0x000000005cdf0000,0x000000005cef0000)]
  0x000000002101a000 JavaThread "WorkerExecutor Queue" [_thread_in_Java, id=2100, stack(0x000000005ccf0000,0x000000005cdf0000)]
  0x0000000021017800 JavaThread "Cache worker for execution history cache (C:\Users\Ak190\examples\lite\examples\image_classification\Typroject\.gradle\6.5\executionHistory)" [_thread_blocked, id=14284, stack(0x000000005cbf0000,0x000000005ccf0000)]
  0x0000000021016000 JavaThread "Execution worker for ':' Thread 7" [_thread_blocked, id=6560, stack(0x000000005caf0000,0x000000005cbf0000)]
  0x0000000021017000 JavaThread "Execution worker for ':' Thread 6" [_thread_blocked, id=644, stack(0x000000005c9f0000,0x000000005caf0000)]
  0x0000000021012800 JavaThread "Execution worker for ':' Thread 5" [_thread_blocked, id=8264, stack(0x000000005c8f0000,0x000000005c9f0000)]
  0x000000001feef800 JavaThread "Execution worker for ':' Thread 4" [_thread_blocked, id=14252, stack(0x000000005c7f0000,0x000000005c8f0000)]
  0x000000001fef1000 JavaThread "Execution worker for ':' Thread 3" [_thread_blocked, id=3264, stack(0x000000005c6f0000,0x000000005c7f0000)]
  0x000000001feee000 JavaThread "Execution worker for ':' Thread 2" [_thread_blocked, id=6388, stack(0x000000005c5f0000,0x000000005c6f0000)]
  0x000000001fef1800 JavaThread "Execution worker for ':'" [_thread_blocked, id=12656, stack(0x000000005c4f0000,0x000000005c5f0000)]
  0x000000001feee800 JavaThread "Cache worker for file content cache (C:\Users\Ak190\examples\lite\examples\image_classification\Typroject\.gradle\6.5\fileContent)" [_thread_blocked, id=6456, stack(0x000000005c3f0000,0x000000005c4f0000)]
  0x000000001fef0000 JavaThread "Cache worker for Build Output Cleanup Cache (C:\Users\Ak190\examples\lite\examples\image_classification\Typroject\.gradle\buildOutputCleanup)" [_thread_blocked, id=9504, stack(0x000000005c2f0000,0x000000005c3f0000)]
  0x000000001feed000 JavaThread "jar transforms Thread 552" [_thread_blocked, id=2288, stack(0x000000005c1f0000,0x000000005c2f0000)]
  0x000000001feec800 JavaThread "jar transforms Thread 551" [_thread_blocked, id=9228, stack(0x000000005c0f0000,0x000000005c1f0000)]
  0x000000001fee4800 JavaThread "jar transforms Thread 550" [_thread_blocked, id=12368, stack(0x000000005bff0000,0x000000005c0f0000)]
  0x000000001feeb800 JavaThread "jar transforms Thread 549" [_thread_blocked, id=12440, stack(0x000000005bef0000,0x000000005bff0000)]
  0x000000001fee4000 JavaThread "jar transforms Thread 548" [_thread_blocked, id=11308, stack(0x000000005bdf0000,0x000000005bef0000)]
  0x000000001feeb000 JavaThread "jar transforms Thread 547" [_thread_blocked, id=3056, stack(0x000000005bcf0000,0x000000005bdf0000)]
  0x000000001feea000 JavaThread "jar transforms Thread 546" [_thread_blocked, id=2132, stack(0x000000005bbf0000,0x000000005bcf0000)]
  0x000000001fee5800 JavaThread "jar transforms Thread 545" [_thread_blocked, id=6000, stack(0x000000005baf0000,0x000000005bbf0000)]
  0x000000001fee2800 JavaThread "jar transforms Thread 544" [_thread_blocked, id=13444, stack(0x000000005b9f0000,0x000000005baf0000)]
  0x000000001fee9000 JavaThread "jar transforms Thread 543" [_thread_blocked, id=1352, stack(0x000000005b8f0000,0x000000005b9f0000)]
  0x000000001fee8800 JavaThread "jar transforms Thread 542" [_thread_blocked, id=13376, stack(0x000000005b7f0000,0x000000005b8f0000)]
  0x000000001fee7800 JavaThread "jar transforms Thread 541" [_thread_blocked, id=7908, stack(0x000000005b6f0000,0x000000005b7f0000)]
  0x0000000021bfb000 JavaThread "jar transforms Thread 540" [_thread_blocked, id=6984, stack(0x000000005b5f0000,0x000000005b6f0000)]
  0x0000000021c01000 JavaThread "jar transforms Thread 539" [_thread_blocked, id=968, stack(0x000000005b4f0000,0x000000005b5f0000)]
  0x0000000021c00000 JavaThread "jar transforms Thread 538" [_thread_blocked, id=14048, stack(0x000000005b3f0000,0x000000005b4f0000)]
  0x0000000021c01800 JavaThread "jar transforms Thread 537" [_thread_blocked, id=6368, stack(0x000000005b2f0000,0x000000005b3f0000)]
  0x0000000021bf9800 JavaThread "jar transforms Thread 536" [_thread_blocked, id=3424, stack(0x000000005b1f0000,0x000000005b2f0000)]
  0x0000000021bf8800 JavaThread "jar transforms Thread 535" [_thread_blocked, id=12416, stack(0x000000005b0f0000,0x000000005b1f0000)]
  0x0000000021bff800 JavaThread "jar transforms Thread 534" [_thread_blocked, id=12580, stack(0x000000005aff0000,0x000000005b0f0000)]
  0x0000000021bf8000 JavaThread "jar transforms Thread 533" [_thread_blocked, id=12884, stack(0x000000005aef0000,0x000000005aff0000)]
  0x0000000021bfe800 JavaThread "jar transforms Thread 532" [_thread_blocked, id=8272, stack(0x000000005adf0000,0x000000005aef0000)]
  0x0000000021bfb800 JavaThread "jar transforms Thread 531" [_thread_blocked, id=1716, stack(0x000000005acf0000,0x000000005adf0000)]
  0x0000000021bfc800 JavaThread "jar transforms Thread 530" [_thread_blocked, id=10788, stack(0x000000005abf0000,0x000000005acf0000)]
  0x0000000021bfd000 JavaThread "jar transforms Thread 529" [_thread_blocked, id=4668, stack(0x000000005aaf0000,0x000000005abf0000)]
  0x0000000021bf3800 JavaThread "jar transforms Thread 528" [_thread_blocked, id=836, stack(0x000000005a9f0000,0x000000005aaf0000)]
  0x0000000021bfa000 JavaThread "jar transforms Thread 527" [_thread_blocked, id=10656, stack(0x000000005a8f0000,0x000000005a9f0000)]
  0x0000000021bf5800 JavaThread "jar transforms Thread 526" [_thread_blocked, id=5808, stack(0x000000005a7f0000,0x000000005a8f0000)]
  0x0000000021bf7000 JavaThread "jar transforms Thread 525" [_thread_blocked, id=4288, stack(0x000000005a6f0000,0x000000005a7f0000)]
  0x0000000021bf5000 JavaThread "jar transforms Thread 524" [_thread_blocked, id=7520, stack(0x000000005a5f0000,0x000000005a6f0000)]
  0x0000000021bf2800 JavaThread "jar transforms Thread 523" [_thread_blocked, id=13712, stack(0x000000005a4f0000,0x000000005a5f0000)]
  0x0000000021bf6800 JavaThread "jar transforms Thread 522" [_thread_blocked, id=12012, stack(0x000000005a3f0000,0x000000005a4f0000)]
  0x000000001ae59000 JavaThread "jar transforms Thread 521" [_thread_blocked, id=8624, stack(0x000000005a2f0000,0x000000005a3f0000)]
  0x000000001ae58800 JavaThread "jar transforms Thread 520" [_thread_blocked, id=11312, stack(0x000000005a1f0000,0x000000005a2f0000)]
  0x000000001ae57800 JavaThread "jar transforms Thread 519" [_thread_blocked, id=9628, stack(0x000000005a0f0000,0x000000005a1f0000)]
  0x000000001ae57000 JavaThread "jar transforms Thread 518" [_thread_blocked, id=11692, stack(0x0000000059ff0000,0x000000005a0f0000)]
  0x000000001ae4f800 JavaThread "jar transforms Thread 517" [_thread_blocked, id=7496, stack(0x0000000059ef0000,0x0000000059ff0000)]
  0x000000001ae56000 JavaThread "jar transforms Thread 516" [_thread_blocked, id=10628, stack(0x0000000059df0000,0x0000000059ef0000)]
  0x000000001ae55800 JavaThread "jar transforms Thread 515" [_thread_blocked, id=3356, stack(0x0000000059cf0000,0x0000000059df0000)]
  0x000000001ae4e000 JavaThread "jar transforms Thread 514" [_thread_blocked, id=11908, stack(0x0000000059bf0000,0x0000000059cf0000)]
  0x000000001ae51000 JavaThread "jar transforms Thread 513" [_thread_blocked, id=7536, stack(0x0000000059af0000,0x0000000059bf0000)]
  0x000000001ae54800 JavaThread "jar transforms Thread 512" [_thread_blocked, id=6500, stack(0x00000000599f0000,0x0000000059af0000)]
  0x000000001ae54000 JavaThread "jar transforms Thread 511" [_thread_blocked, id=1088, stack(0x00000000598f0000,0x00000000599f0000)]
  0x000000001ae52800 JavaThread "jar transforms Thread 510" [_thread_blocked, id=10364, stack(0x00000000597f0000,0x00000000598f0000)]
  0x000000001ae53000 JavaThread "jar transforms Thread 509" [_thread_blocked, id=5056, stack(0x00000000596f0000,0x00000000597f0000)]
  0x000000001ae50000 JavaThread "jar transforms Thread 508" [_thread_blocked, id=3656, stack(0x00000000595f0000,0x00000000596f0000)]
  0x000000001ae4c800 JavaThread "jar transforms Thread 507" [_thread_blocked, id=6996, stack(0x00000000594f0000,0x00000000595f0000)]
  0x000000001ae4d000 JavaThread "jar transforms Thread 506" [_thread_blocked, id=11020, stack(0x00000000593f0000,0x00000000594f0000)]
  0x000000001ae4b800 JavaThread "jar transforms Thread 505" [_thread_blocked, id=6980, stack(0x00000000592f0000,0x00000000593f0000)]
  0x000000001ae4b000 JavaThread "jar transforms Thread 504" [_thread_blocked, id=13808, stack(0x00000000591f0000,0x00000000592f0000)]
  0x000000001ae51800 JavaThread "jar transforms Thread 503" [_thread_blocked, id=4628, stack(0x00000000590f0000,0x00000000591f0000)]
  0x000000001ae4a000 JavaThread "jar transforms Thread 502" [_thread_blocked, id=12636, stack(0x0000000058ff0000,0x00000000590f0000)]
  0x000000001f51e800 JavaThread "jar transforms Thread 501" [_thread_blocked, id=12812, stack(0x0000000058ef0000,0x0000000058ff0000)]
  0x000000001f51e000 JavaThread "jar transforms Thread 500" [_thread_blocked, id=1872, stack(0x0000000058df0000,0x0000000058ef0000)]
  0x000000001f51f800 JavaThread "jar transforms Thread 499" [_thread_blocked, id=13788, stack(0x0000000058cf0000,0x0000000058df0000)]
  0x000000001f520000 JavaThread "jar transforms Thread 498" [_thread_blocked, id=13668, stack(0x0000000058bf0000,0x0000000058cf0000)]
  0x000000001f51d000 JavaThread "jar transforms Thread 497" [_thread_blocked, id=8876, stack(0x0000000058af0000,0x0000000058bf0000)]
  0x000000001f515800 JavaThread "jar transforms Thread 496" [_thread_blocked, id=9888, stack(0x00000000589f0000,0x0000000058af0000)]
  0x000000001f516800 JavaThread "jar transforms Thread 495" [_thread_blocked, id=4680, stack(0x00000000588f0000,0x00000000589f0000)]
  0x000000001f51c800 JavaThread "jar transforms Thread 494" [_thread_blocked, id=6832, stack(0x00000000587f0000,0x00000000588f0000)]
  0x000000001f51b800 JavaThread "jar transforms Thread 493" [_thread_blocked, id=1784, stack(0x00000000586f0000,0x00000000587f0000)]
  0x000000001f51b000 JavaThread "jar transforms Thread 492" [_thread_blocked, id=6108, stack(0x00000000585f0000,0x00000000586f0000)]
  0x000000001f519800 JavaThread "jar transforms Thread 491" [_thread_blocked, id=7128, stack(0x00000000584f0000,0x00000000585f0000)]
  0x000000001f512800 JavaThread "jar transforms Thread 490" [_thread_blocked, id=248, stack(0x00000000583f0000,0x00000000584f0000)]
  0x000000001f512000 JavaThread "jar transforms Thread 489" [_thread_blocked, id=2024, stack(0x00000000582f0000,0x00000000583f0000)]
  0x000000001f518800 JavaThread "jar transforms Thread 488" [_thread_blocked, id=9240, stack(0x00000000581f0000,0x00000000582f0000)]
  0x000000001f518000 JavaThread "jar transforms Thread 487" [_thread_blocked, id=5480, stack(0x00000000580f0000,0x00000000581f0000)]
  0x000000001f515000 JavaThread "jar transforms Thread 486" [_thread_blocked, id=8372, stack(0x0000000057ff0000,0x00000000580f0000)]
  0x000000001f514000 JavaThread "jar transforms Thread 485" [_thread_blocked, id=13380, stack(0x0000000057ef0000,0x0000000057ff0000)]
  0x000000001f517000 JavaThread "jar transforms Thread 484" [_thread_blocked, id=5380, stack(0x0000000057df0000,0x0000000057ef0000)]
  0x000000001f511000 JavaThread "jar transforms Thread 483" [_thread_blocked, id=5712, stack(0x0000000057cf0000,0x0000000057df0000)]
  0x000000001f513800 JavaThread "jar transforms Thread 482" [_thread_blocked, id=11152, stack(0x0000000057bf0000,0x0000000057cf0000)]
  0x000000001fe0f800 JavaThread "jar transforms Thread 481" [_thread_blocked, id=7268, stack(0x0000000057af0000,0x0000000057bf0000)]
  0x000000001fe0e800 JavaThread "jar transforms Thread 480" [_thread_blocked, id=3092, stack(0x00000000579f0000,0x0000000057af0000)]
  0x000000001fe0e000 JavaThread "jar transforms Thread 479" [_thread_blocked, id=13996, stack(0x00000000578f0000,0x00000000579f0000)]
  0x000000001fe0d000 JavaThread "jar transforms Thread 478" [_thread_blocked, id=13316, stack(0x00000000577f0000,0x00000000578f0000)]
  0x000000001fe11800 JavaThread "jar transforms Thread 477" [_thread_blocked, id=596, stack(0x00000000576f0000,0x00000000577f0000)]
  0x000000001fe11000 JavaThread "jar transforms Thread 476" [_thread_blocked, id=10540, stack(0x00000000575f0000,0x00000000576f0000)]
  0x000000001fe10000 JavaThread "jar transforms Thread 475" [_thread_blocked, id=10840, stack(0x00000000574f0000,0x00000000575f0000)]
  0x000000001fe05800 JavaThread "jar transforms Thread 474" [_thread_blocked, id=10076, stack(0x00000000573f0000,0x00000000574f0000)]
  0x000000001fe0c800 JavaThread "jar transforms Thread 473" [_thread_blocked, id=9464, stack(0x00000000572f0000,0x00000000573f0000)]
  0x000000001fe0b800 JavaThread "jar transforms Thread 472" [_thread_blocked, id=14084, stack(0x00000000571f0000,0x00000000572f0000)]
  0x000000001fe05000 JavaThread "jar transforms Thread 471" [_thread_blocked, id=12212, stack(0x00000000570f0000,0x00000000571f0000)]
  0x000000001fe04000 JavaThread "jar transforms Thread 470" [_thread_blocked, id=13092, stack(0x0000000056ff0000,0x00000000570f0000)]
  0x000000001fe0b000 JavaThread "jar transforms Thread 469" [_thread_blocked, id=6428, stack(0x0000000056ef0000,0x0000000056ff0000)]
  0x000000001fe0a000 JavaThread "jar transforms Thread 468" [_thread_blocked, id=5648, stack(0x0000000056df0000,0x0000000056ef0000)]
  0x000000001fe03800 JavaThread "jar transforms Thread 467" [_thread_blocked, id=3660, stack(0x0000000056cf0000,0x0000000056df0000)]
  0x000000001fe02800 JavaThread "jar transforms Thread 466" [_thread_blocked, id=7444, stack(0x0000000056bf0000,0x0000000056cf0000)]
  0x000000001fe08000 JavaThread "jar transforms Thread 465" [_thread_blocked, id=1864, stack(0x0000000056af0000,0x0000000056bf0000)]
  0x000000001fe09800 JavaThread "jar transforms Thread 464" [_thread_blocked, id=2788, stack(0x00000000569f0000,0x0000000056af0000)]
  0x000000001fe08800 JavaThread "jar transforms Thread 463" [_thread_blocked, id=4700, stack(0x00000000568f0000,0x00000000569f0000)]
  0x000000001fe06800 JavaThread "jar transforms Thread 462" [_thread_blocked, id=3584, stack(0x00000000567f0000,0x00000000568f0000)]
  0x000000001f71a000 JavaThread "jar transforms Thread 461" [_thread_blocked, id=3564, stack(0x00000000566f0000,0x00000000567f0000)]
  0x000000001f719000 JavaThread "Build operations Thread 8" [_thread_blocked, id=6524, stack(0x00000000565f0000,0x00000000566f0000)]
  0x000000001f717800 JavaThread "Build operations Thread 7" [_thread_blocked, id=12876, stack(0x00000000564f0000,0x00000000565f0000)]
  0x000000001f714000 JavaThread "Build operations Thread 6" [_thread_blocked, id=1364, stack(0x00000000563f0000,0x00000000564f0000)]
  0x000000001f716000 JavaThread "Build operations Thread 5" [_thread_blocked, id=9208, stack(0x00000000562f0000,0x00000000563f0000)]
  0x000000001f714800 JavaThread "Build operations Thread 4" [_thread_blocked, id=10284, stack(0x00000000561f0000,0x00000000562f0000)]
  0x000000001f712800 JavaThread "Build operations Thread 3" [_thread_blocked, id=8212, stack(0x00000000560f0000,0x00000000561f0000)]
  0x000000001f711800 JavaThread "Build operations Thread 2" [_thread_blocked, id=2140, stack(0x0000000055ff0000,0x00000000560f0000)]
  0x000000001f717000 JavaThread "Build operations" [_thread_blocked, id=3096, stack(0x0000000055ef0000,0x0000000055ff0000)]
  0x000000001f713000 JavaThread "Cache worker for cache directory md-rule (C:\Users\Ak190\.gradle\caches\6.5\md-rule)" [_thread_blocked, id=12384, stack(0x0000000055df0000,0x0000000055ef0000)]
  0x000000001f718800 JavaThread "Cache worker for cache directory md-supplier (C:\Users\Ak190\.gradle\caches\6.5\md-supplier)" [_thread_blocked, id=8784, stack(0x0000000055cf0000,0x0000000055df0000)]
  0x000000001f715800 JavaThread "Cache worker for checksums cache (C:\Users\Ak190\examples\lite\examples\image_classification\Typroject\.gradle\checksums)" [_thread_blocked, id=6784, stack(0x0000000055bf0000,0x0000000055cf0000)]
  0x000000001f70d000 JavaThread "Cache worker for file hash cache (C:\Users\Ak190\examples\lite\examples\image_classification\Typroject\.gradle\6.5\fileHashes)" [_thread_blocked, id=13144, stack(0x0000000055af0000,0x0000000055bf0000)]
  0x000000001f70a800 JavaThread "Thread-655" [_thread_blocked, id=7684, stack(0x00000000559f0000,0x0000000055af0000)]
  0x000000001f70c000 JavaThread "Stdin handler" [_thread_blocked, id=3924, stack(0x00000000558f0000,0x00000000559f0000)]
  0x000000001f711000 JavaThread "Asynchronous log dispatcher for DefaultDaemonConnection: socket connection from /127.0.0.1:53563 to /127.0.0.1:54444" [_thread_blocked, id=3068, stack(0x00000000557f0000,0x00000000558f0000)]
  0x000000001f70f800 JavaThread "Daemon worker Thread 6" [_thread_blocked, id=3608, stack(0x00000000556f0000,0x00000000557f0000)]
  0x000000001f710000 JavaThread "Cancel handler" [_thread_blocked, id=5236, stack(0x00000000555f0000,0x00000000556f0000)]
  0x000000001f70b800 JavaThread "Handler for socket connection from /127.0.0.1:53563 to /127.0.0.1:54444" [_thread_in_native, id=7904, stack(0x00000000554f0000,0x00000000555f0000)]
  0x000000001f70e800 JavaThread "Daemon Thread 6" [_thread_blocked, id=8900, stack(0x00000000553f0000,0x00000000554f0000)]
  0x0000000021bfe000 JavaThread "Cache worker for Java compile cache (C:\Users\Ak190\.gradle\caches\6.5\javaCompile)" [_thread_blocked, id=5040, stack(0x000000002ca90000,0x000000002cb90000)]
  0x0000000021bf4000 JavaThread "Memory manager" [_thread_blocked, id=9640, stack(0x000000002b890000,0x000000002b990000)]
  0x000000001bec5000 JavaThread "Cache worker for file content cache (C:\Users\Ak190\.gradle\caches\6.5\fileContent)" [_thread_blocked, id=13208, stack(0x0000000022860000,0x0000000022960000)]
  0x000000001bec9000 JavaThread "Cache worker for execution history cache (C:\Users\Ak190\.gradle\caches\6.5\executionHistory)" [_thread_blocked, id=3864, stack(0x0000000022260000,0x0000000022360000)]
  0x000000001becb000 JavaThread "Cache worker for file hash cache (C:\Users\Ak190\.gradle\caches\6.5\fileHashes)" [_thread_blocked, id=5848, stack(0x000000001e570000,0x000000001e670000)]
  0x000000001beca800 JavaThread "File lock request listener" [_thread_in_native, id=13496, stack(0x000000001e470000,0x000000001e570000)]
  0x000000001bec6000 JavaThread "Cache worker for journal cache (C:\Users\Ak190\.gradle\caches\journal-1)" [_thread_blocked, id=11892, stack(0x000000001e370000,0x000000001e470000)]
  0x000000001be75800 JavaThread "Daemon periodic checks" [_thread_blocked, id=13400, stack(0x000000001d670000,0x000000001d770000)]
  0x000000001be01800 JavaThread "Incoming local TCP Connector on port 53563" [_thread_in_native, id=12988, stack(0x000000001d430000,0x000000001d530000)]
  0x00000000196d2000 JavaThread "Daemon health stats" [_thread_blocked, id=2036, stack(0x000000001cbf0000,0x000000001ccf0000)]
  0x00000000195bb800 JavaThread "Service Thread" daemon [_thread_blocked, id=6696, stack(0x000000001a250000,0x000000001a350000)]
  0x00000000195a9800 JavaThread "C1 CompilerThread3" daemon [_thread_blocked, id=2056, stack(0x000000001a150000,0x000000001a250000)]
  0x000000001959c800 JavaThread "C2 CompilerThread2" daemon [_thread_in_native, id=4228, stack(0x000000001a050000,0x000000001a150000)]
=>0x0000000019597800 JavaThread "C2 CompilerThread1" daemon [_thread_in_native, id=7976, stack(0x0000000019f50000,0x000000001a050000)]
  0x0000000019595800 JavaThread "C2 CompilerThread0" daemon [_thread_in_native, id=6304, stack(0x0000000019e50000,0x0000000019f50000)]
  0x0000000019591800 JavaThread "Attach Listener" daemon [_thread_blocked, id=12584, stack(0x0000000019d50000,0x0000000019e50000)]
  0x00000000177ae800 JavaThread "Signal Dispatcher" daemon [_thread_blocked, id=13436, stack(0x0000000019c50000,0x0000000019d50000)]
  0x0000000019581800 JavaThread "Finalizer" daemon [_thread_blocked, id=14060, stack(0x0000000019a60000,0x0000000019b60000)]
  0x0000000019580800 JavaThread "Reference Handler" daemon [_thread_blocked, id=4812, stack(0x0000000019960000,0x0000000019a60000)]
  0x0000000002632800 JavaThread "main" [_thread_blocked, id=14220, stack(0x0000000002530000,0x0000000002630000)]

Other Threads:
  0x0000000017799800 VMThread [stack: 0x0000000019460000,0x0000000019560000] [id=10428]
  0x00000000195bc800 WatcherThread [stack: 0x000000001a350000,0x000000001a450000] [id=2004]

VM state:not at safepoint (normal execution)

VM Mutex/Monitor currently owned by a thread: None

heap address: 0x0000000080000000, size: 2048 MB, Compressed Oops mode: 32-bit
Narrow klass base: 0x0000000000000000, Narrow klass shift: 3
Compressed class space size: 1073741824 Address: 0x0000000100000000

Heap:
 PSYoungGen      total 238080K, used 210792K [0x00000000d5580000, 0x00000000e6d80000, 0x0000000100000000)
  eden space 200704K, 99% used [0x00000000d5580000,0x00000000e1962138,0x00000000e1980000)
  from space 37376K, 27% used [0x00000000e4900000,0x00000000e52f8218,0x00000000e6d80000)
  to   space 43008K, 0% used [0x00000000e1980000,0x00000000e1980000,0x00000000e4380000)
 ParOldGen       total 246784K, used 89717K [0x0000000080000000, 0x000000008f100000, 0x00000000d5580000)
  object space 246784K, 36% used [0x0000000080000000,0x000000008579d5f0,0x000000008f100000)
 Metaspace       used 95113K, capacity 100252K, committed 100992K, reserved 1136640K
  class space    used 12619K, capacity 13484K, committed 13696K, reserved 1048576K

Card table byte_map: [0x0000000011af0000,0x0000000011f00000] byte_map_base: 0x00000000116f0000

Marking Bits: (ParMarkBitMap*) 0x0000000052e85ce0
 Begin Bits: [0x00000000129b0000, 0x00000000149b0000)
 End Bits:   [0x00000000149b0000, 0x00000000169b0000)

Polling page: 0x00000000008e0000

CodeCache: size=245760Kb used=56546Kb max_used=56546Kb free=189213Kb
 bounds [0x0000000002730000, 0x0000000005ef0000, 0x0000000011730000]
 total_blobs=17173 nmethods=16300 adapters=782
 compilation: enabled

Compilation events (10 events):
Event: 3286.989 Thread 0x00000000195a9800 19993  s    3       com.android.tools.r8.graph.Z::e (60 bytes)
Event: 3286.991 Thread 0x00000000195a9800 nmethod 19993 0x0000000003fc8b10 code [0x0000000003fc8d60, 0x0000000003fc9c78]
Event: 3286.991 Thread 0x00000000195a9800 19994       2       java.util.stream.ReferencePipeline::forEach (11 bytes)
Event: 3286.992 Thread 0x00000000195a9800 nmethod 19994 0x0000000003fc8590 code [0x0000000003fc8700, 0x0000000003fc8998]
Event: 3286.992 Thread 0x00000000195a9800 19995       2       java.util.stream.ForEachOps::makeRef (15 bytes)
Event: 3286.992 Thread 0x00000000195a9800 nmethod 19995 0x0000000003e1d190 code [0x0000000003e1d300, 0x0000000003e1d568]
Event: 3286.992 Thread 0x00000000195a9800 19996       2       java.util.stream.ForEachOps$ForEachOp$OfRef::<init> (11 bytes)
Event: 3286.992 Thread 0x00000000195a9800 nmethod 19996 0x0000000003fc8250 code [0x0000000003fc83a0, 0x0000000003fc8510]
Event: 3287.027 Thread 0x00000000195a9800 19997       2       java.util.stream.ForEachOps$ForEachOp::getOpFlags (15 bytes)
Event: 3287.028 Thread 0x00000000195a9800 nmethod 19997 0x0000000005a7f550 code [0x0000000005a7f6a0, 0x0000000005a7f810]

GC Heap History (10 events):
Event: 1882.187 GC heap before
{Heap before GC invocations=22 (full 3):
 PSYoungGen      total 229376K, used 224034K [0x00000000d5580000, 0x00000000e5c00000, 0x0000000100000000)
  eden space 199168K, 100% used [0x00000000d5580000,0x00000000e1800000,0x00000000e1800000)
  from space 30208K, 82% used [0x00000000e3e80000,0x00000000e56c8860,0x00000000e5c00000)
  to   space 34816K, 0% used [0x00000000e1800000,0x00000000e1800000,0x00000000e3a00000)
 ParOldGen       total 140800K, used 64514K [0x0000000080000000, 0x0000000088980000, 0x00000000d5580000)
  object space 140800K, 45% used [0x0000000080000000,0x0000000083f00b88,0x0000000088980000)
 Metaspace       used 92004K, capacity 97402K, committed 97664K, reserved 1134592K
  class space    used 12492K, capacity 13391K, committed 13440K, reserved 1048576K
Event: 1882.224 GC heap after
Heap after GC invocations=22 (full 3):
 PSYoungGen      total 211456K, used 18191K [0x00000000d5580000, 0x00000000e5400000, 0x0000000100000000)
  eden space 193024K, 0% used [0x00000000d5580000,0x00000000d5580000,0x00000000e1200000)
  from space 18432K, 98% used [0x00000000e1800000,0x00000000e29c3d68,0x00000000e2a00000)
  to   space 33792K, 0% used [0x00000000e3300000,0x00000000e3300000,0x00000000e5400000)
 ParOldGen       total 140800K, used 64522K [0x0000000080000000, 0x0000000088980000, 0x00000000d5580000)
  object space 140800K, 45% used [0x0000000080000000,0x0000000083f02b88,0x0000000088980000)
 Metaspace       used 92004K, capacity 97402K, committed 97664K, reserved 1134592K
  class space    used 12492K, capacity 13391K, committed 13440K, reserved 1048576K
}
Event: 1883.043 GC heap before
{Heap before GC invocations=23 (full 3):
 PSYoungGen      total 211456K, used 180468K [0x00000000d5580000, 0x00000000e5400000, 0x0000000100000000)
  eden space 193024K, 84% used [0x00000000d5580000,0x00000000df3f9550,0x00000000e1200000)
  from space 18432K, 98% used [0x00000000e1800000,0x00000000e29c3d68,0x00000000e2a00000)
  to   space 33792K, 0% used [0x00000000e3300000,0x00000000e3300000,0x00000000e5400000)
 ParOldGen       total 140800K, used 64522K [0x0000000080000000, 0x0000000088980000, 0x00000000d5580000)
  object space 140800K, 45% used [0x0000000080000000,0x0000000083f02b88,0x0000000088980000)
 Metaspace       used 93015K, capacity 98472K, committed 98560K, reserved 1134592K
  class space    used 12534K, capacity 13480K, committed 13568K, reserved 1048576K
Event: 1883.080 GC heap after
Heap after GC invocations=23 (full 3):
 PSYoungGen      total 215552K, used 33790K [0x00000000d5580000, 0x00000000e8000000, 0x0000000100000000)
  eden space 181760K, 0% used [0x00000000d5580000,0x00000000d5580000,0x00000000e0700000)
  from space 33792K, 99% used [0x00000000e3300000,0x00000000e53ffbf0,0x00000000e5400000)
  to   space 45056K, 0% used [0x00000000e0700000,0x00000000e0700000,0x00000000e3300000)
 ParOldGen       total 140800K, used 81626K [0x0000000080000000, 0x0000000088980000, 0x00000000d5580000)
  object space 140800K, 57% used [0x0000000080000000,0x0000000084fb69c0,0x0000000088980000)
 Metaspace       used 93015K, capacity 98472K, committed 98560K, reserved 1134592K
  class space    used 12534K, capacity 13480K, committed 13568K, reserved 1048576K
}
Event: 1883.080 GC heap before
{Heap before GC invocations=24 (full 4):
 PSYoungGen      total 215552K, used 33790K [0x00000000d5580000, 0x00000000e8000000, 0x0000000100000000)
  eden space 181760K, 0% used [0x00000000d5580000,0x00000000d5580000,0x00000000e0700000)
  from space 33792K, 99% used [0x00000000e3300000,0x00000000e53ffbf0,0x00000000e5400000)
  to   space 45056K, 0% used [0x00000000e0700000,0x00000000e0700000,0x00000000e3300000)
 ParOldGen       total 140800K, used 81626K [0x0000000080000000, 0x0000000088980000, 0x00000000d5580000)
  object space 140800K, 57% used [0x0000000080000000,0x0000000084fb69c0,0x0000000088980000)
 Metaspace       used 93015K, capacity 98472K, committed 98560K, reserved 1134592K
  class space    used 12534K, capacity 13480K, committed 13568K, reserved 1048576K
Event: 1883.388 GC heap after
Heap after GC invocations=24 (full 4):
 PSYoungGen      total 215552K, used 0K [0x00000000d5580000, 0x00000000e8000000, 0x0000000100000000)
  eden space 181760K, 0% used [0x00000000d5580000,0x00000000d5580000,0x00000000e0700000)
  from space 33792K, 0% used [0x00000000e3300000,0x00000000e3300000,0x00000000e5400000)
  to   space 45056K, 0% used [0x00000000e0700000,0x00000000e0700000,0x00000000e3300000)
 ParOldGen       total 246784K, used 89701K [0x0000000080000000, 0x000000008f100000, 0x00000000d5580000)
  object space 246784K, 36% used [0x0000000080000000,0x00000000857995f0,0x000000008f100000)
 Metaspace       used 92605K, capacity 97316K, committed 98560K, reserved 1134592K
  class space    used 12398K, capacity 13246K, committed 13568K, reserved 1048576K
}
Event: 1885.265 GC heap before
{Heap before GC invocations=25 (full 4):
 PSYoungGen      total 215552K, used 181760K [0x00000000d5580000, 0x00000000e8000000, 0x0000000100000000)
  eden space 181760K, 100% used [0x00000000d5580000,0x00000000e0700000,0x00000000e0700000)
  from space 33792K, 0% used [0x00000000e3300000,0x00000000e3300000,0x00000000e5400000)
  to   space 45056K, 0% used [0x00000000e0700000,0x00000000e0700000,0x00000000e3300000)
 ParOldGen       total 246784K, used 89701K [0x0000000080000000, 0x000000008f100000, 0x00000000d5580000)
  object space 246784K, 36% used [0x0000000080000000,0x00000000857995f0,0x000000008f100000)
 Metaspace       used 92899K, capacity 97646K, committed 98816K, reserved 1134592K
  class space    used 12420K, capacity 13261K, committed 13568K, reserved 1048576K
Event: 1885.277 GC heap after
Heap after GC invocations=25 (full 4):
 PSYoungGen      total 226816K, used 8299K [0x00000000d5580000, 0x00000000e7480000, 0x0000000100000000)
  eden space 181760K, 0% used [0x00000000d5580000,0x00000000d5580000,0x00000000e0700000)
  from space 45056K, 18% used [0x00000000e0700000,0x00000000e0f1ac60,0x00000000e3300000)
  to   space 44544K, 0% used [0x00000000e4900000,0x00000000e4900000,0x00000000e7480000)
 ParOldGen       total 246784K, used 89709K [0x0000000080000000, 0x000000008f100000, 0x00000000d5580000)
  object space 246784K, 36% used [0x0000000080000000,0x000000008579b5f0,0x000000008f100000)
 Metaspace       used 92899K, capacity 97646K, committed 98816K, reserved 1134592K
  class space    used 12420K, capacity 13261K, committed 13568K, reserved 1048576K
}
Event: 3280.675 GC heap before
{Heap before GC invocations=26 (full 4):
 PSYoungGen      total 226816K, used 190059K [0x00000000d5580000, 0x00000000e7480000, 0x0000000100000000)
  eden space 181760K, 100% used [0x00000000d5580000,0x00000000e0700000,0x00000000e0700000)
  from space 45056K, 18% used [0x00000000e0700000,0x00000000e0f1ac60,0x00000000e3300000)
  to   space 44544K, 0% used [0x00000000e4900000,0x00000000e4900000,0x00000000e7480000)
 ParOldGen       total 246784K, used 89709K [0x0000000080000000, 0x000000008f100000, 0x00000000d5580000)
  object space 246784K, 36% used [0x0000000080000000,0x000000008579b5f0,0x000000008f100000)
 Metaspace       used 94278K, capacity 99304K, committed 99968K, reserved 1136640K
  class space    used 12564K, capacity 13466K, committed 13696K, reserved 1048576K
Event: 3280.843 GC heap after
Heap after GC invocations=26 (full 4):
 PSYoungGen      total 238080K, used 10208K [0x00000000d5580000, 0x00000000e6d80000, 0x0000000100000000)
  eden space 200704K, 0% used [0x00000000d5580000,0x00000000d5580000,0x00000000e1980000)
  from space 37376K, 27% used [0x00000000e4900000,0x00000000e52f8218,0x00000000e6d80000)
  to   space 43008K, 0% used [0x00000000e1980000,0x00000000e1980000,0x00000000e4380000)
 ParOldGen       total 246784K, used 89717K [0x0000000080000000, 0x000000008f100000, 0x00000000d5580000)
  object space 246784K, 36% used [0x0000000080000000,0x000000008579d5f0,0x000000008f100000)
 Metaspace       used 94278K, capacity 99304K, committed 99968K, reserved 1136640K
  class space    used 12564K, capacity 13466K, committed 13696K, reserved 1048576K
}

Deoptimization events (10 events):
Event: 3286.111 Thread 0x000000001fef1800 Uncommon trap: reason=bimorphic action=maybe_recompile pc=0x0000000005a2399c method=com.google.common.collect.TransformedIterator.hasNext()Z @ 4
Event: 3286.112 Thread 0x000000001fef1800 Uncommon trap: reason=bimorphic action=maybe_recompile pc=0x0000000005a2e77c method=com.google.common.collect.TransformedIterator.next()Ljava/lang/Object; @ 5
Event: 3286.114 Thread 0x000000001fef1800 Uncommon trap: reason=bimorphic action=maybe_recompile pc=0x0000000005a2399c method=com.google.common.collect.TransformedIterator.hasNext()Z @ 4
Event: 3286.114 Thread 0x000000001fef1800 Uncommon trap: reason=bimorphic action=maybe_recompile pc=0x0000000005a2e77c method=com.google.common.collect.TransformedIterator.next()Ljava/lang/Object; @ 5
Event: 3286.115 Thread 0x000000001fef1800 Uncommon trap: reason=bimorphic action=maybe_recompile pc=0x0000000005a2399c method=com.google.common.collect.TransformedIterator.hasNext()Z @ 4
Event: 3286.316 Thread 0x00000000205bf800 Uncommon trap: reason=unstable_if action=reinterpret pc=0x000000000549546c method=com.android.tools.r8.graph.I0$c.a()V @ 88
Event: 3286.319 Thread 0x00000000205bf800 Uncommon trap: reason=unstable_if action=reinterpret pc=0x000000000527b6fc method=com.android.tools.r8.graph.I0.a(Ljava/util/List;Lcom/android/tools/r8/utils/k0;)Lcom/android/tools/r8/graph/x; @ 1
Event: 3286.727 Thread 0x000000002101a800 Uncommon trap: reason=array_check action=maybe_recompile pc=0x00000000057734b4 method=java.util.TimSort.reverseRange([Ljava/lang/Object;II)V @ 20
Event: 3286.728 Thread 0x000000002101a800 Uncommon trap: reason=array_check action=maybe_recompile pc=0x000000000573be38 method=java.util.TimSort.reverseRange([Ljava/lang/Object;II)V @ 20
Event: 3286.810 Thread 0x00000000205c4000 Uncommon trap: reason=array_check action=maybe_recompile pc=0x00000000057734b4 method=java.util.TimSort.reverseRange([Ljava/lang/Object;II)V @ 20

Classes redefined (0 events):
No events

Internal exceptions (10 events):
Event: 3284.470 Thread 0x000000001fef1800 Exception <a 'sun/nio/fs/WindowsException'> (0x00000000d9a6c458) thrown at [C:\re\workspace\8-2-build-windows-amd64-cygwin\jdk8u221\13320\hotspot\src\share\vm\prims\jni.cpp, line 710]
Event: 3284.472 Thread 0x000000001fef1800 Exception <a 'sun/nio/fs/WindowsException'> (0x00000000d9a73500) thrown at [C:\re\workspace\8-2-build-windows-amd64-cygwin\jdk8u221\13320\hotspot\src\share\vm\prims\jni.cpp, line 710]
Event: 3284.473 Thread 0x000000001fef1800 Exception <a 'sun/nio/fs/WindowsException'> (0x00000000d9a74268) thrown at [C:\re\workspace\8-2-build-windows-amd64-cygwin\jdk8u221\13320\hotspot\src\share\vm\prims\jni.cpp, line 710]
Event: 3284.473 Thread 0x000000001fef1800 Exception <a 'sun/nio/fs/WindowsException'> (0x00000000d9a761b8) thrown at [C:\re\workspace\8-2-build-windows-amd64-cygwin\jdk8u221\13320\hotspot\src\share\vm\prims\jni.cpp, line 710]
Event: 3284.473 Thread 0x000000001fef1800 Exception <a 'sun/nio/fs/WindowsException'> (0x00000000d9a76f30) thrown at [C:\re\workspace\8-2-build-windows-amd64-cygwin\jdk8u221\13320\hotspot\src\share\vm\prims\jni.cpp, line 710]
Event: 3286.115 Thread 0x000000001fef1800 Exception <a 'sun/nio/fs/WindowsException'> (0x00000000dd1571f8) thrown at [C:\re\workspace\8-2-build-windows-amd64-cygwin\jdk8u221\13320\hotspot\src\share\vm\prims\jni.cpp, line 710]
Event: 3286.211 Thread 0x000000001fef1800 Exception <a 'sun/nio/fs/WindowsException'> (0x00000000ddd51d80) thrown at [C:\re\workspace\8-2-build-windows-amd64-cygwin\jdk8u221\13320\hotspot\src\share\vm\prims\jni.cpp, line 710]
Event: 3286.287 Thread 0x00000000205bf800 Exception <a 'sun/nio/fs/WindowsException'> (0x00000000de3012d0) thrown at [C:\re\workspace\8-2-build-windows-amd64-cygwin\jdk8u221\13320\hotspot\src\share\vm\prims\jni.cpp, line 710]
Event: 3286.718 Thread 0x00000000205bf800 Exception <a 'sun/nio/fs/WindowsException'> (0x00000000e0c43df0) thrown at [C:\re\workspace\8-2-build-windows-amd64-cygwin\jdk8u221\13320\hotspot\src\share\vm\prims\jni.cpp, line 710]
Event: 3286.724 Thread 0x00000000205bf800 Exception <a 'sun/nio/fs/WindowsException'> (0x00000000e0c93598) thrown at [C:\re\workspace\8-2-build-windows-amd64-cygwin\jdk8u221\13320\hotspot\src\share\vm\prims\jni.cpp, line 710]

Events (10 events):
Event: 3286.821 Thread 0x00000000205c4000 DEOPT PACKING pc=0x0000000004d26e9d sp=0x000000005deed3c0
Event: 3286.821 Thread 0x00000000205c4000 DEOPT UNPACKING pc=0x0000000002777890 sp=0x000000005deed0e0 mode 0
Event: 3286.888 Thread 0x000000002101a000 DEOPT PACKING pc=0x0000000005688923 sp=0x000000005cded670
Event: 3286.888 Thread 0x000000002101a000 DEOPT UNPACKING pc=0x0000000002777890 sp=0x000000005cded3e0 mode 0
Event: 3286.986 Thread 0x000000002101a000 DEOPT PACKING pc=0x000000000541db4f sp=0x000000005cdecf90
Event: 3286.987 Thread 0x000000002101a000 DEOPT UNPACKING pc=0x0000000002777890 sp=0x000000005cded0b0 mode 0
Event: 3286.989 Executing VM operation: RevokeBias
Event: 3286.990 Executing VM operation: RevokeBias done
Event: 3287.032 Thread 0x000000002101a000 DEOPT PACKING pc=0x00000000057ab6fe sp=0x000000005cdeda80
Event: 3287.032 Thread 0x000000002101a000 DEOPT UNPACKING pc=0x0000000002777890 sp=0x000000005cded7f0 mode 0


Dynamic libraries:
0x00007ff783c20000 - 0x00007ff783c57000 	C:\Program Files\Java\jdk1.8.0_221\bin\java.exe
0x00007ff98e590000 - 0x00007ff98e771000 	C:\Windows\SYSTEM32\ntdll.dll
0x00007ff98dfb0000 - 0x00007ff98e061000 	C:\Windows\System32\KERNEL32.DLL
0x00007ff98b3b0000 - 0x00007ff98b623000 	C:\Windows\System32\KERNELBASE.dll
0x00007ff98d7e0000 - 0x00007ff98d881000 	C:\Windows\System32\ADVAPI32.dll
0x00007ff98ddc0000 - 0x00007ff98de5e000 	C:\Windows\System32\msvcrt.dll
0x00007ff98e500000 - 0x00007ff98e55b000 	C:\Windows\System32\sechost.dll
0x00007ff98d150000 - 0x00007ff98d274000 	C:\Windows\System32\RPCRT4.dll
0x00007ff98bab0000 - 0x00007ff98bc41000 	C:\Windows\System32\USER32.dll
0x00007ff98aa20000 - 0x00007ff98aa40000 	C:\Windows\System32\win32u.dll
0x00007ff98d120000 - 0x00007ff98d148000 	C:\Windows\System32\GDI32.dll
0x00007ff98b160000 - 0x00007ff98b2f3000 	C:\Windows\System32\gdi32full.dll
0x00007ff98a980000 - 0x00007ff98aa1f000 	C:\Windows\System32\msvcp_win.dll
0x00007ff98b630000 - 0x00007ff98b728000 	C:\Windows\System32\ucrtbase.dll
0x00007ff97c2a0000 - 0x00007ff97c509000 	C:\Windows\WinSxS\amd64_microsoft.windows.common-controls_6595b64144ccf1df_6.0.17134.1845_none_d3ffcfc77c905a82\COMCTL32.dll
0x00007ff98e1d0000 - 0x00007ff98e4f1000 	C:\Windows\System32\combase.dll
0x00007ff98b730000 - 0x00007ff98b7a9000 	C:\Windows\System32\bcryptPrimitives.dll
0x00007ff98d300000 - 0x00007ff98d32d000 	C:\Windows\System32\IMM32.DLL
0x0000000052f10000 - 0x0000000052fe2000 	C:\Program Files\Java\jdk1.8.0_221\jre\bin\msvcr100.dll
0x0000000052660000 - 0x0000000052f05000 	C:\Program Files\Java\jdk1.8.0_221\jre\bin\server\jvm.dll
0x00007ff98bc50000 - 0x00007ff98bc58000 	C:\Windows\System32\PSAPI.DLL
0x00007ff985680000 - 0x00007ff985689000 	C:\Windows\SYSTEM32\WSOCK32.dll
0x00007ff9885e0000 - 0x00007ff988603000 	C:\Windows\SYSTEM32\WINMM.dll
0x00007ff9855d0000 - 0x00007ff9855da000 	C:\Windows\SYSTEM32\VERSION.dll
0x00007ff98bc60000 - 0x00007ff98bccc000 	C:\Windows\System32\WS2_32.dll
0x00007ff988270000 - 0x00007ff98829a000 	C:\Windows\SYSTEM32\winmmbase.dll
0x00007ff98a930000 - 0x00007ff98a979000 	C:\Windows\System32\cfgmgr32.dll
0x00007ff973050000 - 0x00007ff97305f000 	C:\Program Files\Java\jdk1.8.0_221\jre\bin\verify.dll
0x00007ff907cd0000 - 0x00007ff907cf9000 	C:\Program Files\Java\jdk1.8.0_221\jre\bin\java.dll
0x00007ff883130000 - 0x00007ff883146000 	C:\Program Files\Java\jdk1.8.0_221\jre\bin\zip.dll
0x00007ff98bcd0000 - 0x00007ff98d115000 	C:\Windows\System32\SHELL32.dll
0x00007ff98d3b0000 - 0x00007ff98d459000 	C:\Windows\System32\shcore.dll
0x00007ff98aa40000 - 0x00007ff98b155000 	C:\Windows\System32\windows.storage.dll
0x00007ff98d330000 - 0x00007ff98d381000 	C:\Windows\System32\shlwapi.dll
0x00007ff98a910000 - 0x00007ff98a921000 	C:\Windows\System32\kernel.appcore.dll
0x00007ff98a8c0000 - 0x00007ff98a8df000 	C:\Windows\System32\profapi.dll
0x00007ff98a870000 - 0x00007ff98a8bc000 	C:\Windows\System32\powrprof.dll
0x00007ff98a8e0000 - 0x00007ff98a8ea000 	C:\Windows\System32\FLTLIB.DLL
0x00007ff883110000 - 0x00007ff88312a000 	C:\Program Files\Java\jdk1.8.0_221\jre\bin\net.dll
0x00007ff97e180000 - 0x00007ff97e34e000 	C:\Windows\SYSTEM32\urlmon.dll
0x00007ff97dd30000 - 0x00007ff97dfd8000 	C:\Windows\SYSTEM32\iertutil.dll
0x00007ff98a2c0000 - 0x00007ff98a2cb000 	C:\Windows\SYSTEM32\CRYPTBASE.DLL
0x00007ff98a0f0000 - 0x00007ff98a156000 	C:\Windows\system32\mswsock.dll
0x00007ff8830f0000 - 0x00007ff883102000 	C:\Program Files\Java\jdk1.8.0_221\jre\bin\nio.dll
0x00007ff907da0000 - 0x00007ff907dc7000 	C:\Users\Ak190\.gradle\native\f6784746aeab05261644944871eae4fe03e0ef1612fff0a4a95f87b438bc6780\windows-amd64\native-platform.dll
0x00007ff971740000 - 0x00007ff97174d000 	C:\Program Files\Java\jdk1.8.0_221\jre\bin\management.dll
0x00007ff98a2a0000 - 0x00007ff98a2b7000 	C:\Windows\SYSTEM32\CRYPTSP.dll
0x00007ff989ca0000 - 0x00007ff989cd3000 	C:\Windows\system32\rsaenh.dll
0x00007ff98a3d0000 - 0x00007ff98a3f5000 	C:\Windows\SYSTEM32\bcrypt.dll
0x00007ff98a770000 - 0x00007ff98a798000 	C:\Windows\SYSTEM32\USERENV.dll
0x00007ff989e40000 - 0x00007ff989e78000 	C:\Windows\SYSTEM32\IPHLPAPI.DLL
0x00007ff98ba00000 - 0x00007ff98ba08000 	C:\Windows\System32\NSI.dll
0x00007ff985510000 - 0x00007ff985526000 	C:\Windows\SYSTEM32\dhcpcsvc6.DLL
0x00007ff9854f0000 - 0x00007ff98550a000 	C:\Windows\SYSTEM32\dhcpcsvc.DLL
0x00007ff985530000 - 0x00007ff98553b000 	C:\Windows\SYSTEM32\WINNSI.DLL
0x00007ff989930000 - 0x00007ff989961000 	C:\Windows\SYSTEM32\ntmarta.dll

VM Arguments:
jvm_args: -Xmx2048m -Dfile.encoding=UTF-8 -Duser.country=US -Duser.language=en -Duser.variant 
java_command: org.gradle.launcher.daemon.bootstrap.GradleDaemon 6.5
java_class_path (initial): C:\Users\Ak190\.gradle\wrapper\dists\gradle-6.5-all\2oz4ud9k3tuxjg84bbf55q0tn\gradle-6.5\lib\gradle-launcher-6.5.jar
Launcher Type: SUN_STANDARD

Environment Variables:
PATH=C:\Program Files\NVIDIA GPU Computing Toolkit\CUDA\v11.0\bin;C:\Program Files\NVIDIA GPU Computing Toolkit\CUDA\v11.0\libnvvp;;C:\Program Files (x86)\Common Files\Oracle\Java\javapath;C:\Windows\system32;C:\Windows;C:\Windows\System32\Wbem;C:\Windows\System32\WindowsPowerShell\v1.0\;C:\Windows\System32\OpenSSH\;C:\Program Files\Java\jdk1.8.0_221\bin;C:\Program Files\Java\jdk-11.0.4\bin;C:\Program Files\Git\cmd;C:\Program Files (x86)\mingw-w64\i686-8.1.0-posix-dwarf-rt_v6-rev0\mingw32\bin;C:\Program Files (x86)\ClockworkMod\Universal Adb Driver;C:\Program Files (x86)\Minimal ADB and Fastboot;C:\Users\Ak190\AppData\Local\Programs\Python\Python39\Scripts;C:\Program Files\NVIDIA Corporation\Nsight Compute 2020.1.1\;C:\Program Files (x86)\NVIDIA Corporation\PhysX\Common;C:\Program Files\NVIDIA Corporation\NVIDIA NvDLISR;C:\Users\Ak190\AppData\Local\Programs\Python\Python38\Scripts\;C:\Users\Ak190\AppData\Local\Programs\Python\Python38\;C:\Users\Ak190\AppData\Local\Microsoft\WindowsApps;C:\Users\Ak190\AppData\Local\Programs\Microsoft VS Code\bin;C:\Users\Ak190\OneDrive\Desktop\scripts;C:\Program Files\JetBrains\PyCharm Community Edition 2020.1.2\bin;;C:\Program Files (x86)\Google\Chrome\Application;C:\Users\Ak190\AppData\Local\Programs\Python\Python39;C:\Program Files\NVIDIA GPU Computing Toolkit\CUDA\v11.0\bin;C:\Program Files\NVIDIA GPU Computing Toolkit\CUDA\v11.0\libnvvp;C:\Users\Ak190\anaconda3\Scripts;
USERNAME=Ak190
OS=Windows_NT
PROCESSOR_IDENTIFIER=Intel64 Family 6 Model 142 Stepping 10, GenuineIntel



---------------  S Y S T E M  ---------------

OS: Windows 10.0 , 64 bit Build 17134 (10.0.17134.1425)

CPU:total 8 (initial active 8) (4 cores per cpu, 2 threads per core) family 6 model 142 stepping 10, cmov, cx8, fxsr, mmx, sse, sse2, sse3, ssse3, sse4.1, sse4.2, popcnt, avx, avx2, aes, clmul, erms, 3dnowpref, lzcnt, ht, tsc, tscinvbit, bmi1, bmi2, adx

Memory: 4k page, physical 8262884k(428788k free), swap 33428708k(6292k free)

vm_info: Java HotSpot(TM) 64-Bit Server VM (25.221-b11) for windows-amd64 JRE (1.8.0_221-b11), built on Jul  4 2019 04:39:29 by "java_re" with MS VC++ 10.0 (VS2010)

time: Thu Mar 18 22:27:25 2021
timezone: India Standard Time
elapsed time: 3287 seconds (0d 0h 54m 47s)

